[ 2011-03-28T22:28:52+08:00 ] ERR: (ThinkException) Action:redirct您所请求的方法不存在！
[ 2011-03-28T22:30:53+08:00 ] ERR: (ThinkException) Action:redirct您所请求的方法不存在！
[ 2011-03-28T22:30:55+08:00 ] ERR: (ThinkException) Action:redirct您所请求的方法不存在！
[ 2011-03-28T22:30:56+08:00 ] ERR: (ThinkException) Action:redirct您所请求的方法不存在！
[ 2011-03-28T22:30:57+08:00 ] ERR: (ThinkException) Action:redirct您所请求的方法不存在！
[ 2011-03-28T22:30:57+08:00 ] ERR: (ThinkException) Action:redirct您所请求的方法不存在！
[ 2011-03-28T22:30:57+08:00 ] ERR: (ThinkException) Action:redirct您所请求的方法不存在！
[ 2011-03-28T22:30:58+08:00 ] ERR: (ThinkException) Action:redirct您所请求的方法不存在！
[ 2011-03-28T22:31:12+08:00 ] SQL:  RunTime:0.002753s SQL = SHOW COLUMNS FROM mmm_public
[ 2011-03-28T22:31:12+08:00 ] NOTIC: [8] Undefined index: FSQ_uid common.php 第 380 行.
[ 2011-03-28T22:31:12+08:00 ] NOTIC: [8] Undefined variable: referer 62c1deb10b410270ace722225b757c91.php 第 31 行.
[ 2011-03-28T23:04:51+08:00 ] ERR: (ThinkException) Action:redirct您所请求的方法不存在！
[ 2011-03-28T23:04:55+08:00 ] ERR: (ThinkException) 无法加载模块Favicon.ico
[ 2011-03-28T23:05:22+08:00 ] ERR: (ThinkException) Action:redirct您所请求的方法不存在！
[ 2011-03-28T23:05:24+08:00 ] ERR: (ThinkException) Action:redirct您所请求的方法不存在！
[ 2011-03-28T23:06:25+08:00 ] SQL:  RunTime:0.003584s SQL = SHOW COLUMNS FROM mmm_public
[ 2011-03-28T23:06:25+08:00 ] NOTIC: [8] Undefined index: username ucUser.class.php 第 87 行.
[ 2011-03-28T23:06:25+08:00 ] NOTIC: [8] Undefined index: password ucUser.class.php 第 87 行.
[ 2011-03-28T23:06:25+08:00 ] NOTIC: [2048] Redefining already defined constructor for class usercontrol user.php 第 27 行.
[ 2011-03-28T23:06:25+08:00 ] NOTIC: [2048] Redefining already defined constructor for class usermodel user.php 第 21 行.
[ 2011-03-28T23:06:25+08:00 ] NOTIC: [8] Undefined index: 6 user.php 第 30 行.
[ 2011-03-28T23:06:26+08:00 ] SQL:  RunTime:0.003605s SQL = SHOW COLUMNS FROM mmm_public
[ 2011-03-28T23:06:26+08:00 ] NOTIC: [8] Undefined index: FSQ_uid common.php 第 380 行.
[ 2011-03-28T23:06:27+08:00 ] SQL:  RunTime:0.002749s SQL = SHOW COLUMNS FROM mmm_public
