[ 2011-04-06T19:14:57+08:00 ] NOTIC: [2] session_start() [<a href='function.session-start'>function.session-start</a>]: Cannot send session cookie - headers already sent by (output started at E:\lin\21mmm_tp\Admin\Conf\config.php:1) App.class.php 第 66 行.
[ 2011-04-06T19:14:57+08:00 ] NOTIC: [2] session_start() [<a href='function.session-start'>function.session-start</a>]: Cannot send session cache limiter - headers already sent (output started at E:\lin\21mmm_tp\Admin\Conf\config.php:1) App.class.php 第 66 行.
[ 2011-04-06T19:14:57+08:00 ] SQL:  RunTime:0.003635s SQL = SHOW COLUMNS FROM mmm_index
[ 2011-04-06T19:14:57+08:00 ] NOTIC: [2] Cannot modify header information - headers already sent by (output started at E:\lin\21mmm_tp\Admin\Conf\config.php:1) View.class.php 第 172 行.
[ 2011-04-06T19:14:57+08:00 ] NOTIC: [2] Cannot modify header information - headers already sent by (output started at E:\lin\21mmm_tp\Admin\Conf\config.php:1) View.class.php 第 173 行.
[ 2011-04-06T19:14:57+08:00 ] NOTIC: [2] session_start() [<a href='function.session-start'>function.session-start</a>]: Cannot send session cookie - headers already sent by (output started at E:\lin\21mmm_tp\Admin\Conf\config.php:1) App.class.php 第 66 行.
[ 2011-04-06T19:14:57+08:00 ] NOTIC: [2] session_start() [<a href='function.session-start'>function.session-start</a>]: Cannot send session cache limiter - headers already sent (output started at E:\lin\21mmm_tp\Admin\Conf\config.php:1) App.class.php 第 66 行.
[ 2011-04-06T19:14:57+08:00 ] NOTIC: [2] Cannot modify header information - headers already sent by (output started at E:\lin\21mmm_tp\Admin\Conf\config.php:1) View.class.php 第 172 行.
[ 2011-04-06T19:14:57+08:00 ] NOTIC: [2] Cannot modify header information - headers already sent by (output started at E:\lin\21mmm_tp\Admin\Conf\config.php:1) View.class.php 第 173 行.
[ 2011-04-06T19:14:57+08:00 ] NOTIC: [2] session_start() [<a href='function.session-start'>function.session-start</a>]: Cannot send session cookie - headers already sent by (output started at E:\lin\21mmm_tp\Admin\Conf\config.php:1) App.class.php 第 66 行.
[ 2011-04-06T19:14:57+08:00 ] NOTIC: [2] session_start() [<a href='function.session-start'>function.session-start</a>]: Cannot send session cache limiter - headers already sent (output started at E:\lin\21mmm_tp\Admin\Conf\config.php:1) App.class.php 第 66 行.
[ 2011-04-06T19:14:57+08:00 ] SQL:  RunTime:0.002815s SQL = SHOW COLUMNS FROM mmm_group
[ 2011-04-06T19:14:57+08:00 ] SQL:  RunTime:0.001276s SQL = SELECT id,title FROM `mmm_group` WHERE status=1
[ 2011-04-06T19:14:57+08:00 ] NOTIC: [2] Cannot modify header information - headers already sent by (output started at E:\lin\21mmm_tp\Admin\Conf\config.php:1) View.class.php 第 172 行.
[ 2011-04-06T19:14:57+08:00 ] NOTIC: [2] Cannot modify header information - headers already sent by (output started at E:\lin\21mmm_tp\Admin\Conf\config.php:1) View.class.php 第 173 行.
[ 2011-04-06T19:14:57+08:00 ] NOTIC: [8] Undefined index: loginUserName a11e0efd1232986d0d63e250325eef01.php 第 151 行.
[ 2011-04-06T19:14:57+08:00 ] NOTIC: [2] session_start() [<a href='function.session-start'>function.session-start</a>]: Cannot send session cookie - headers already sent by (output started at E:\lin\21mmm_tp\Admin\Conf\config.php:1) App.class.php 第 66 行.
[ 2011-04-06T19:14:57+08:00 ] NOTIC: [2] session_start() [<a href='function.session-start'>function.session-start</a>]: Cannot send session cache limiter - headers already sent (output started at E:\lin\21mmm_tp\Admin\Conf\config.php:1) App.class.php 第 66 行.
[ 2011-04-06T19:14:57+08:00 ] NOTIC: [8] Undefined index: authId PublicAction.class.php 第 43 行.
[ 2011-04-06T19:14:57+08:00 ] SQL:  RunTime:0.002972s SQL = SHOW COLUMNS FROM mmm_node
[ 2011-04-06T19:14:57+08:00 ] SQL:  RunTime:0.004464s SQL = SELECT `id` FROM `mmm_node` LIMIT 1 
[ 2011-04-06T19:14:57+08:00 ] SQL:  RunTime:0.016797s SQL = SELECT id,name,group_id,title FROM `mmm_node` WHERE ( `level` = 2 ) AND ( `status` = 1 ) AND ( `pid` = '1' ) ORDER BY sort asc
[ 2011-04-06T19:14:57+08:00 ] NOTIC: [8] Undefined index: _ACCESS_LIST PublicAction.class.php 第 55 行.
[ 2011-04-06T19:14:57+08:00 ] NOTIC: [8] Undefined index: administrator PublicAction.class.php 第 57 行.
[ 2011-04-06T19:14:57+08:00 ] NOTIC: [8] Undefined index: administrator PublicAction.class.php 第 57 行.
[ 2011-04-06T19:14:57+08:00 ] NOTIC: [8] Undefined index: administrator PublicAction.class.php 第 57 行.
[ 2011-04-06T19:14:57+08:00 ] NOTIC: [8] Undefined index: administrator PublicAction.class.php 第 57 行.
[ 2011-04-06T19:14:57+08:00 ] NOTIC: [8] Undefined index: administrator PublicAction.class.php 第 57 行.
[ 2011-04-06T19:14:57+08:00 ] NOTIC: [8] Undefined index: administrator PublicAction.class.php 第 57 行.
[ 2011-04-06T19:14:57+08:00 ] NOTIC: [8] Undefined index: authId PublicAction.class.php 第 64 行.
[ 2011-04-06T19:14:57+08:00 ] NOTIC: [2] Cannot modify header information - headers already sent by (output started at E:\lin\21mmm_tp\Admin\Conf\config.php:1) View.class.php 第 172 行.
[ 2011-04-06T19:14:57+08:00 ] NOTIC: [2] Cannot modify header information - headers already sent by (output started at E:\lin\21mmm_tp\Admin\Conf\config.php:1) View.class.php 第 173 行.
[ 2011-04-06T19:14:57+08:00 ] NOTIC: [2] session_start() [<a href='function.session-start'>function.session-start</a>]: Cannot send session cookie - headers already sent by (output started at E:\lin\21mmm_tp\Admin\Conf\config.php:1) App.class.php 第 66 行.
[ 2011-04-06T19:14:57+08:00 ] NOTIC: [2] session_start() [<a href='function.session-start'>function.session-start</a>]: Cannot send session cache limiter - headers already sent (output started at E:\lin\21mmm_tp\Admin\Conf\config.php:1) App.class.php 第 66 行.
[ 2011-04-06T19:14:57+08:00 ] NOTIC: [2] Cannot modify header information - headers already sent by (output started at E:\lin\21mmm_tp\Admin\Conf\config.php:1) View.class.php 第 172 行.
[ 2011-04-06T19:14:57+08:00 ] NOTIC: [2] Cannot modify header information - headers already sent by (output started at E:\lin\21mmm_tp\Admin\Conf\config.php:1) View.class.php 第 173 行.
[ 2011-04-06T19:40:09+08:00 ] NOTIC: [2] session_start() [<a href='function.session-start'>function.session-start</a>]: Cannot send session cookie - headers already sent by (output started at E:\lin\21mmm_tp\Admin\Conf\config.php:1) App.class.php 第 66 行.
[ 2011-04-06T19:40:09+08:00 ] NOTIC: [2] session_start() [<a href='function.session-start'>function.session-start</a>]: Cannot send session cache limiter - headers already sent (output started at E:\lin\21mmm_tp\Admin\Conf\config.php:1) App.class.php 第 66 行.
[ 2011-04-06T19:40:09+08:00 ] SQL:  RunTime:0.012952s SQL = SHOW COLUMNS FROM u_user
[ 2011-04-06T19:40:09+08:00 ] SQL:  RunTime:0.004299s SQL = SHOW COLUMNS FROM mmm_category
[ 2011-04-06T19:40:09+08:00 ] SQL:  RunTime:0.004755s SQL = SHOW COLUMNS FROM mmm_enum
[ 2011-04-06T19:40:09+08:00 ] SQL:  RunTime:0.000622s SQL = SELECT COUNT(id) AS tp_count FROM `u_user` LIMIT 1 
[ 2011-04-06T19:40:10+08:00 ] SQL:  RunTime:0.046938s SQL = SELECT * FROM `u_user` ORDER BY `id` desc LIMIT 0,10 
[ 2011-04-06T19:40:10+08:00 ] NOTIC: [2] Cannot modify header information - headers already sent by (output started at E:\lin\21mmm_tp\Admin\Conf\config.php:1) Cookie.class.php 第 51 行.
[ 2011-04-06T19:40:10+08:00 ] NOTIC: [2] Cannot modify header information - headers already sent by (output started at E:\lin\21mmm_tp\Admin\Conf\config.php:1) View.class.php 第 172 行.
[ 2011-04-06T19:40:10+08:00 ] NOTIC: [2] Cannot modify header information - headers already sent by (output started at E:\lin\21mmm_tp\Admin\Conf\config.php:1) View.class.php 第 173 行.
[ 2011-04-06T19:40:10+08:00 ] NOTIC: [8] Undefined variable: q 2fbdd9813fc726514b2462360c86c5a3.php 第 44 行.
[ 2011-04-06T19:40:10+08:00 ] NOTIC: [8] Undefined variable: q 2fbdd9813fc726514b2462360c86c5a3.php 第 46 行.
[ 2011-04-06T19:40:10+08:00 ] NOTIC: [8] Undefined variable: q 2fbdd9813fc726514b2462360c86c5a3.php 第 62 行.
[ 2011-04-06T19:40:10+08:00 ] NOTIC: [8] Undefined index: u_type 2fbdd9813fc726514b2462360c86c5a3.php 第 84 行.
[ 2011-04-06T19:40:10+08:00 ] NOTIC: [8] Undefined index: id 2fbdd9813fc726514b2462360c86c5a3.php 第 85 行.
[ 2011-04-06T19:40:10+08:00 ] NOTIC: [8] Undefined index: username 2fbdd9813fc726514b2462360c86c5a3.php 第 86 行.
[ 2011-04-06T19:40:10+08:00 ] NOTIC: [8] Undefined index: email 2fbdd9813fc726514b2462360c86c5a3.php 第 87 行.
[ 2011-04-06T19:40:10+08:00 ] NOTIC: [8] Undefined index: _order 2fbdd9813fc726514b2462360c86c5a3.php 第 88 行.
[ 2011-04-06T19:40:10+08:00 ] NOTIC: [8] Undefined index: _sort 2fbdd9813fc726514b2462360c86c5a3.php 第 89 行.
[ 2011-04-06T19:40:10+08:00 ] NOTIC: [8] Undefined index: listRows 2fbdd9813fc726514b2462360c86c5a3.php 第 90 行.
[ 2011-04-06T19:40:10+08:00 ] NOTIC: [8] Undefined index: firstRequest 2fbdd9813fc726514b2462360c86c5a3.php 第 94 行.
[ 2011-04-06T19:40:10+08:00 ] NOTIC: [8] Undefined index: categoryId 2fbdd9813fc726514b2462360c86c5a3.php 第 95 行.
[ 2011-04-06T19:40:10+08:00 ] NOTIC: [8] Undefined index: userId 2fbdd9813fc726514b2462360c86c5a3.php 第 96 行.
[ 2011-04-06T19:40:10+08:00 ] NOTIC: [8] Undefined index: createTime 2fbdd9813fc726514b2462360c86c5a3.php 第 97 行.
[ 2011-04-06T19:40:10+08:00 ] NOTIC: [8] Undefined index: createTime1 2fbdd9813fc726514b2462360c86c5a3.php 第 98 行.
[ 2011-04-06T19:40:10+08:00 ] NOTIC: [8] Undefined index: recommend 2fbdd9813fc726514b2462360c86c5a3.php 第 99 行.
[ 2011-04-06T19:40:10+08:00 ] NOTIC: [8] Undefined index: status 2fbdd9813fc726514b2462360c86c5a3.php 第 100 行.
[ 2011-04-06T19:40:10+08:00 ] NOTIC: [8] Undefined index: istop 2fbdd9813fc726514b2462360c86c5a3.php 第 101 行.
[ 2011-04-06T19:40:10+08:00 ] NOTIC: [8] Undefined index: viewCount 2fbdd9813fc726514b2462360c86c5a3.php 第 102 行.
[ 2011-04-06T19:40:10+08:00 ] NOTIC: [8] Undefined index: viewCount1 2fbdd9813fc726514b2462360c86c5a3.php 第 103 行.
[ 2011-04-06T19:40:10+08:00 ] NOTIC: [8] Undefined index: orderType 2fbdd9813fc726514b2462360c86c5a3.php 第 104 行.
[ 2011-04-06T19:40:10+08:00 ] NOTIC: [8] Undefined index: orderBy 2fbdd9813fc726514b2462360c86c5a3.php 第 105 行.
[ 2011-04-06T19:40:10+08:00 ] NOTIC: [8] Undefined index: pageSize 2fbdd9813fc726514b2462360c86c5a3.php 第 106 行.
[ 2011-04-06T19:40:10+08:00 ] NOTIC: [8] Undefined index: nid 2fbdd9813fc726514b2462360c86c5a3.php 第 139 行.
[ 2011-04-06T19:40:10+08:00 ] NOTIC: [8] Undefined index: nid 2fbdd9813fc726514b2462360c86c5a3.php 第 139 行.
[ 2011-04-06T19:40:10+08:00 ] NOTIC: [8] Undefined index: status 2fbdd9813fc726514b2462360c86c5a3.php 第 139 行.
[ 2011-04-06T19:40:10+08:00 ] NOTIC: [8] Undefined index: status 2fbdd9813fc726514b2462360c86c5a3.php 第 139 行.
[ 2011-04-06T19:40:10+08:00 ] NOTIC: [8] Undefined index: nid 2fbdd9813fc726514b2462360c86c5a3.php 第 139 行.
[ 2011-04-06T19:40:10+08:00 ] NOTIC: [8] Undefined index: nid 2fbdd9813fc726514b2462360c86c5a3.php 第 139 行.
[ 2011-04-06T19:40:10+08:00 ] NOTIC: [8] Undefined index: nid 2fbdd9813fc726514b2462360c86c5a3.php 第 139 行.
[ 2011-04-06T19:40:10+08:00 ] NOTIC: [8] Undefined index: nid 2fbdd9813fc726514b2462360c86c5a3.php 第 139 行.
[ 2011-04-06T19:40:10+08:00 ] NOTIC: [8] Undefined index: status 2fbdd9813fc726514b2462360c86c5a3.php 第 139 行.
[ 2011-04-06T19:40:10+08:00 ] NOTIC: [8] Undefined index: status 2fbdd9813fc726514b2462360c86c5a3.php 第 139 行.
[ 2011-04-06T19:40:10+08:00 ] NOTIC: [8] Undefined index: nid 2fbdd9813fc726514b2462360c86c5a3.php 第 139 行.
[ 2011-04-06T19:40:10+08:00 ] NOTIC: [8] Undefined index: nid 2fbdd9813fc726514b2462360c86c5a3.php 第 139 行.
[ 2011-04-06T19:40:10+08:00 ] NOTIC: [8] Undefined index: nid 2fbdd9813fc726514b2462360c86c5a3.php 第 139 行.
[ 2011-04-06T19:40:10+08:00 ] NOTIC: [8] Undefined index: nid 2fbdd9813fc726514b2462360c86c5a3.php 第 139 行.
[ 2011-04-06T19:40:10+08:00 ] NOTIC: [8] Undefined index: status 2fbdd9813fc726514b2462360c86c5a3.php 第 139 行.
[ 2011-04-06T19:40:10+08:00 ] NOTIC: [8] Undefined index: status 2fbdd9813fc726514b2462360c86c5a3.php 第 139 行.
[ 2011-04-06T19:40:10+08:00 ] NOTIC: [8] Undefined index: nid 2fbdd9813fc726514b2462360c86c5a3.php 第 139 行.
[ 2011-04-06T19:40:10+08:00 ] NOTIC: [8] Undefined index: nid 2fbdd9813fc726514b2462360c86c5a3.php 第 139 行.
[ 2011-04-06T19:40:10+08:00 ] NOTIC: [8] Undefined index: nid 2fbdd9813fc726514b2462360c86c5a3.php 第 139 行.
[ 2011-04-06T19:40:10+08:00 ] NOTIC: [8] Undefined index: nid 2fbdd9813fc726514b2462360c86c5a3.php 第 139 行.
[ 2011-04-06T19:40:10+08:00 ] NOTIC: [8] Undefined index: status 2fbdd9813fc726514b2462360c86c5a3.php 第 139 行.
[ 2011-04-06T19:40:10+08:00 ] NOTIC: [8] Undefined index: status 2fbdd9813fc726514b2462360c86c5a3.php 第 139 行.
[ 2011-04-06T19:40:10+08:00 ] NOTIC: [8] Undefined index: nid 2fbdd9813fc726514b2462360c86c5a3.php 第 139 行.
[ 2011-04-06T19:40:10+08:00 ] NOTIC: [8] Undefined index: nid 2fbdd9813fc726514b2462360c86c5a3.php 第 139 行.
[ 2011-04-06T19:40:10+08:00 ] NOTIC: [8] Undefined index: nid 2fbdd9813fc726514b2462360c86c5a3.php 第 139 行.
[ 2011-04-06T19:40:10+08:00 ] NOTIC: [8] Undefined index: nid 2fbdd9813fc726514b2462360c86c5a3.php 第 139 行.
[ 2011-04-06T19:40:10+08:00 ] NOTIC: [8] Undefined index: status 2fbdd9813fc726514b2462360c86c5a3.php 第 139 行.
[ 2011-04-06T19:40:10+08:00 ] NOTIC: [8] Undefined index: status 2fbdd9813fc726514b2462360c86c5a3.php 第 139 行.
[ 2011-04-06T19:40:10+08:00 ] NOTIC: [8] Undefined index: nid 2fbdd9813fc726514b2462360c86c5a3.php 第 139 行.
[ 2011-04-06T19:40:10+08:00 ] NOTIC: [8] Undefined index: nid 2fbdd9813fc726514b2462360c86c5a3.php 第 139 行.
[ 2011-04-06T19:40:10+08:00 ] NOTIC: [8] Undefined index: nid 2fbdd9813fc726514b2462360c86c5a3.php 第 139 行.
[ 2011-04-06T19:40:10+08:00 ] NOTIC: [8] Undefined index: nid 2fbdd9813fc726514b2462360c86c5a3.php 第 139 行.
[ 2011-04-06T19:40:10+08:00 ] NOTIC: [8] Undefined index: status 2fbdd9813fc726514b2462360c86c5a3.php 第 139 行.
[ 2011-04-06T19:40:10+08:00 ] NOTIC: [8] Undefined index: status 2fbdd9813fc726514b2462360c86c5a3.php 第 139 行.
[ 2011-04-06T19:40:10+08:00 ] NOTIC: [8] Undefined index: nid 2fbdd9813fc726514b2462360c86c5a3.php 第 139 行.
[ 2011-04-06T19:40:10+08:00 ] NOTIC: [8] Undefined index: nid 2fbdd9813fc726514b2462360c86c5a3.php 第 139 行.
[ 2011-04-06T19:40:10+08:00 ] NOTIC: [8] Undefined index: nid 2fbdd9813fc726514b2462360c86c5a3.php 第 139 行.
[ 2011-04-06T19:40:10+08:00 ] NOTIC: [8] Undefined index: nid 2fbdd9813fc726514b2462360c86c5a3.php 第 139 行.
[ 2011-04-06T19:40:10+08:00 ] NOTIC: [8] Undefined index: status 2fbdd9813fc726514b2462360c86c5a3.php 第 139 行.
[ 2011-04-06T19:40:10+08:00 ] NOTIC: [8] Undefined index: status 2fbdd9813fc726514b2462360c86c5a3.php 第 139 行.
[ 2011-04-06T19:40:10+08:00 ] NOTIC: [8] Undefined index: nid 2fbdd9813fc726514b2462360c86c5a3.php 第 139 行.
[ 2011-04-06T19:40:10+08:00 ] NOTIC: [8] Undefined index: nid 2fbdd9813fc726514b2462360c86c5a3.php 第 139 行.
[ 2011-04-06T19:40:10+08:00 ] NOTIC: [8] Undefined index: nid 2fbdd9813fc726514b2462360c86c5a3.php 第 139 行.
[ 2011-04-06T19:40:10+08:00 ] NOTIC: [8] Undefined index: nid 2fbdd9813fc726514b2462360c86c5a3.php 第 139 行.
[ 2011-04-06T19:40:10+08:00 ] NOTIC: [8] Undefined index: status 2fbdd9813fc726514b2462360c86c5a3.php 第 139 行.
[ 2011-04-06T19:40:10+08:00 ] NOTIC: [8] Undefined index: status 2fbdd9813fc726514b2462360c86c5a3.php 第 139 行.
[ 2011-04-06T19:40:10+08:00 ] NOTIC: [8] Undefined index: nid 2fbdd9813fc726514b2462360c86c5a3.php 第 139 行.
[ 2011-04-06T19:40:10+08:00 ] NOTIC: [8] Undefined index: nid 2fbdd9813fc726514b2462360c86c5a3.php 第 139 行.
[ 2011-04-06T19:40:10+08:00 ] NOTIC: [8] Undefined index: nid 2fbdd9813fc726514b2462360c86c5a3.php 第 139 行.
[ 2011-04-06T19:40:10+08:00 ] NOTIC: [8] Undefined index: nid 2fbdd9813fc726514b2462360c86c5a3.php 第 139 行.
[ 2011-04-06T19:40:10+08:00 ] NOTIC: [8] Undefined index: status 2fbdd9813fc726514b2462360c86c5a3.php 第 139 行.
[ 2011-04-06T19:40:10+08:00 ] NOTIC: [8] Undefined index: status 2fbdd9813fc726514b2462360c86c5a3.php 第 139 行.
[ 2011-04-06T19:40:10+08:00 ] NOTIC: [8] Undefined index: nid 2fbdd9813fc726514b2462360c86c5a3.php 第 139 行.
[ 2011-04-06T19:40:10+08:00 ] NOTIC: [8] Undefined index: nid 2fbdd9813fc726514b2462360c86c5a3.php 第 139 行.
[ 2011-04-06T19:40:10+08:00 ] NOTIC: [8] Undefined index: nid 2fbdd9813fc726514b2462360c86c5a3.php 第 139 行.
[ 2011-04-06T19:40:10+08:00 ] NOTIC: [8] Undefined index: nid 2fbdd9813fc726514b2462360c86c5a3.php 第 139 行.
[ 2011-04-06T19:40:10+08:00 ] NOTIC: [8] Undefined index: status 2fbdd9813fc726514b2462360c86c5a3.php 第 139 行.
[ 2011-04-06T19:40:10+08:00 ] NOTIC: [8] Undefined index: status 2fbdd9813fc726514b2462360c86c5a3.php 第 139 行.
[ 2011-04-06T19:40:10+08:00 ] NOTIC: [8] Undefined index: nid 2fbdd9813fc726514b2462360c86c5a3.php 第 139 行.
[ 2011-04-06T19:40:10+08:00 ] NOTIC: [8] Undefined index: nid 2fbdd9813fc726514b2462360c86c5a3.php 第 139 行.
