[ 2011-04-03T19:53:11+08:00 ] NOTIC: [2] session_start() [<a href='function.session-start'>function.session-start</a>]: Cannot send session cookie - headers already sent by (output started at E:\lin\21mmm_tp\Admin\Conf\config.php:1) App.class.php 第 66 行.
[ 2011-04-03T19:53:11+08:00 ] NOTIC: [2] session_start() [<a href='function.session-start'>function.session-start</a>]: Cannot send session cache limiter - headers already sent (output started at E:\lin\21mmm_tp\Admin\Conf\config.php:1) App.class.php 第 66 行.
[ 2011-04-03T19:53:12+08:00 ] SQL:  RunTime:0.048030s SQL = SHOW COLUMNS FROM mmm_index
[ 2011-04-03T19:53:12+08:00 ] NOTIC: [2] Cannot modify header information - headers already sent by (output started at E:\lin\21mmm_tp\Admin\Conf\config.php:1) View.class.php 第 172 行.
[ 2011-04-03T19:53:12+08:00 ] NOTIC: [2] Cannot modify header information - headers already sent by (output started at E:\lin\21mmm_tp\Admin\Conf\config.php:1) View.class.php 第 173 行.
[ 2011-04-03T19:53:28+08:00 ] NOTIC: [2] session_start() [<a href='function.session-start'>function.session-start</a>]: Cannot send session cookie - headers already sent by (output started at E:\lin\21mmm_tp\Admin\Conf\config.php:1) App.class.php 第 66 行.
[ 2011-04-03T19:53:28+08:00 ] NOTIC: [2] session_start() [<a href='function.session-start'>function.session-start</a>]: Cannot send session cache limiter - headers already sent (output started at E:\lin\21mmm_tp\Admin\Conf\config.php:1) App.class.php 第 66 行.
[ 2011-04-03T19:53:28+08:00 ] NOTIC: [2] Cannot modify header information - headers already sent by (output started at E:\lin\21mmm_tp\Admin\Conf\config.php:1) View.class.php 第 172 行.
[ 2011-04-03T19:53:28+08:00 ] NOTIC: [2] Cannot modify header information - headers already sent by (output started at E:\lin\21mmm_tp\Admin\Conf\config.php:1) View.class.php 第 173 行.
[ 2011-04-03T19:53:28+08:00 ] NOTIC: [2] session_start() [<a href='function.session-start'>function.session-start</a>]: Cannot send session cookie - headers already sent by (output started at E:\lin\21mmm_tp\Admin\Conf\config.php:1) App.class.php 第 66 行.
[ 2011-04-03T19:53:28+08:00 ] NOTIC: [2] session_start() [<a href='function.session-start'>function.session-start</a>]: Cannot send session cache limiter - headers already sent (output started at E:\lin\21mmm_tp\Admin\Conf\config.php:1) App.class.php 第 66 行.
[ 2011-04-03T19:53:28+08:00 ] NOTIC: [2] Cannot modify header information - headers already sent by (output started at E:\lin\21mmm_tp\Admin\Conf\config.php:1) View.class.php 第 172 行.
[ 2011-04-03T19:53:28+08:00 ] NOTIC: [2] Cannot modify header information - headers already sent by (output started at E:\lin\21mmm_tp\Admin\Conf\config.php:1) View.class.php 第 173 行.
[ 2011-04-03T19:53:28+08:00 ] NOTIC: [2] session_start() [<a href='function.session-start'>function.session-start</a>]: Cannot send session cookie - headers already sent by (output started at E:\lin\21mmm_tp\Admin\Conf\config.php:1) App.class.php 第 66 行.
[ 2011-04-03T19:53:28+08:00 ] NOTIC: [2] session_start() [<a href='function.session-start'>function.session-start</a>]: Cannot send session cache limiter - headers already sent (output started at E:\lin\21mmm_tp\Admin\Conf\config.php:1) App.class.php 第 66 行.
[ 2011-04-03T19:53:29+08:00 ] SQL:  RunTime:0.135468s SQL = SHOW COLUMNS FROM mmm_group
[ 2011-04-03T19:53:29+08:00 ] SQL:  RunTime:0.021924s SQL = SELECT id,title FROM `mmm_group` WHERE status=1
[ 2011-04-03T19:53:29+08:00 ] NOTIC: [2] Cannot modify header information - headers already sent by (output started at E:\lin\21mmm_tp\Admin\Conf\config.php:1) View.class.php 第 172 行.
[ 2011-04-03T19:53:29+08:00 ] NOTIC: [2] Cannot modify header information - headers already sent by (output started at E:\lin\21mmm_tp\Admin\Conf\config.php:1) View.class.php 第 173 行.
[ 2011-04-03T19:53:29+08:00 ] NOTIC: [8] Undefined index: loginUserName a11e0efd1232986d0d63e250325eef01.php 第 151 行.
[ 2011-04-03T19:53:28+08:00 ] NOTIC: [2] session_start() [<a href='function.session-start'>function.session-start</a>]: Cannot send session cookie - headers already sent by (output started at E:\lin\21mmm_tp\Admin\Conf\config.php:1) App.class.php 第 66 行.
[ 2011-04-03T19:53:28+08:00 ] NOTIC: [2] session_start() [<a href='function.session-start'>function.session-start</a>]: Cannot send session cache limiter - headers already sent (output started at E:\lin\21mmm_tp\Admin\Conf\config.php:1) App.class.php 第 66 行.
[ 2011-04-03T19:53:28+08:00 ] NOTIC: [8] Undefined index: authId PublicAction.class.php 第 43 行.
[ 2011-04-03T19:53:29+08:00 ] SQL:  RunTime:0.205522s SQL = SHOW COLUMNS FROM mmm_node
[ 2011-04-03T19:53:29+08:00 ] SQL:  RunTime:0.004058s SQL = SELECT `id` FROM `mmm_node` LIMIT 1 
[ 2011-04-03T19:53:29+08:00 ] SQL:  RunTime:0.013999s SQL = SELECT id,name,group_id,title FROM `mmm_node` WHERE ( `level` = 2 ) AND ( `status` = 1 ) AND ( `pid` = '1' ) ORDER BY sort asc
[ 2011-04-03T19:53:29+08:00 ] NOTIC: [8] Undefined index: _ACCESS_LIST PublicAction.class.php 第 55 行.
[ 2011-04-03T19:53:29+08:00 ] NOTIC: [8] Undefined index: administrator PublicAction.class.php 第 57 行.
[ 2011-04-03T19:53:29+08:00 ] NOTIC: [8] Undefined index: administrator PublicAction.class.php 第 57 行.
[ 2011-04-03T19:53:29+08:00 ] NOTIC: [8] Undefined index: administrator PublicAction.class.php 第 57 行.
[ 2011-04-03T19:53:29+08:00 ] NOTIC: [8] Undefined index: administrator PublicAction.class.php 第 57 行.
[ 2011-04-03T19:53:29+08:00 ] NOTIC: [8] Undefined index: administrator PublicAction.class.php 第 57 行.
[ 2011-04-03T19:53:29+08:00 ] NOTIC: [8] Undefined index: administrator PublicAction.class.php 第 57 行.
[ 2011-04-03T19:53:29+08:00 ] NOTIC: [8] Undefined index: authId PublicAction.class.php 第 64 行.
[ 2011-04-03T19:53:29+08:00 ] NOTIC: [2] Cannot modify header information - headers already sent by (output started at E:\lin\21mmm_tp\Admin\Conf\config.php:1) View.class.php 第 172 行.
[ 2011-04-03T19:53:29+08:00 ] NOTIC: [2] Cannot modify header information - headers already sent by (output started at E:\lin\21mmm_tp\Admin\Conf\config.php:1) View.class.php 第 173 行.
