[ 2011-07-23T23:17:34+08:00 ] NOTIC: [2] session_start() [<a href='function.session-start'>function.session-start</a>]: open(\xampp\tmp\sess_istpqhteg9ikgi9iloih1hbu36, O_RDWR) failed: No such file or directory (2) App.class.php 第 66 行.
[ 2011-07-23T23:17:34+08:00 ] NOTIC: [2] session_start() [<a href='function.session-start'>function.session-start</a>]: Cannot send session cache limiter - headers already sent (output started at C:\lin\21mmm_tp\Admin\Conf\config.php:1) App.class.php 第 66 行.
[ 2011-07-23T23:17:34+08:00 ] SQL:  RunTime:0.004122s SQL = SHOW COLUMNS FROM mmm_index
[ 2011-07-23T23:17:34+08:00 ] NOTIC: [2] Cannot modify header information - headers already sent by (output started at C:\lin\21mmm_tp\Admin\Conf\config.php:1) View.class.php 第 172 行.
[ 2011-07-23T23:17:34+08:00 ] NOTIC: [2] Cannot modify header information - headers already sent by (output started at C:\lin\21mmm_tp\Admin\Conf\config.php:1) View.class.php 第 173 行.
[ 2011-07-23T23:17:35+08:00 ] NOTIC: [2] session_start() [<a href='function.session-start'>function.session-start</a>]: open(\xampp\tmp\sess_istpqhteg9ikgi9iloih1hbu36, O_RDWR) failed: No such file or directory (2) App.class.php 第 66 行.
[ 2011-07-23T23:17:35+08:00 ] NOTIC: [2] session_start() [<a href='function.session-start'>function.session-start</a>]: Cannot send session cache limiter - headers already sent (output started at C:\lin\21mmm_tp\Admin\Conf\config.php:1) App.class.php 第 66 行.
[ 2011-07-23T23:17:35+08:00 ] NOTIC: [2] Cannot modify header information - headers already sent by (output started at C:\lin\21mmm_tp\Admin\Conf\config.php:1) View.class.php 第 172 行.
[ 2011-07-23T23:17:35+08:00 ] NOTIC: [2] Cannot modify header information - headers already sent by (output started at C:\lin\21mmm_tp\Admin\Conf\config.php:1) View.class.php 第 173 行.
[ 2011-07-23T23:17:34+08:00 ] NOTIC: [2] session_start() [<a href='function.session-start'>function.session-start</a>]: open(\xampp\tmp\sess_istpqhteg9ikgi9iloih1hbu36, O_RDWR) failed: No such file or directory (2) App.class.php 第 66 行.
[ 2011-07-23T23:17:34+08:00 ] NOTIC: [2] session_start() [<a href='function.session-start'>function.session-start</a>]: Cannot send session cache limiter - headers already sent (output started at C:\lin\21mmm_tp\Admin\Conf\config.php:1) App.class.php 第 66 行.
[ 2011-07-23T23:17:35+08:00 ] SQL:  RunTime:0.348518s SQL = SHOW COLUMNS FROM mmm_group
[ 2011-07-23T23:17:35+08:00 ] SQL:  RunTime:0.001023s SQL = SELECT id,title FROM `mmm_group` WHERE status=1
[ 2011-07-23T23:17:35+08:00 ] NOTIC: [2] Cannot modify header information - headers already sent by (output started at C:\lin\21mmm_tp\Admin\Conf\config.php:1) View.class.php 第 172 行.
[ 2011-07-23T23:17:35+08:00 ] NOTIC: [2] Cannot modify header information - headers already sent by (output started at C:\lin\21mmm_tp\Admin\Conf\config.php:1) View.class.php 第 173 行.
[ 2011-07-23T23:17:35+08:00 ] NOTIC: [8] Undefined index: loginUserName b7c4fef87fe3b1cb34bbe3abc85f2f6b.php 第 151 行.
[ 2011-07-23T23:17:35+08:00 ] NOTIC: [2] session_start() [<a href='function.session-start'>function.session-start</a>]: open(\xampp\tmp\sess_istpqhteg9ikgi9iloih1hbu36, O_RDWR) failed: No such file or directory (2) App.class.php 第 66 行.
[ 2011-07-23T23:17:35+08:00 ] NOTIC: [2] session_start() [<a href='function.session-start'>function.session-start</a>]: Cannot send session cache limiter - headers already sent (output started at C:\lin\21mmm_tp\Admin\Conf\config.php:1) App.class.php 第 66 行.
[ 2011-07-23T23:17:35+08:00 ] NOTIC: [2] Cannot modify header information - headers already sent by (output started at C:\lin\21mmm_tp\Admin\Conf\config.php:1) View.class.php 第 172 行.
[ 2011-07-23T23:17:35+08:00 ] NOTIC: [2] Cannot modify header information - headers already sent by (output started at C:\lin\21mmm_tp\Admin\Conf\config.php:1) View.class.php 第 173 行.
[ 2011-07-23T23:17:35+08:00 ] NOTIC: [2] session_start() [<a href='function.session-start'>function.session-start</a>]: open(\xampp\tmp\sess_istpqhteg9ikgi9iloih1hbu36, O_RDWR) failed: No such file or directory (2) App.class.php 第 66 行.
[ 2011-07-23T23:17:35+08:00 ] NOTIC: [2] session_start() [<a href='function.session-start'>function.session-start</a>]: Cannot send session cache limiter - headers already sent (output started at C:\lin\21mmm_tp\Admin\Conf\config.php:1) App.class.php 第 66 行.
[ 2011-07-23T23:17:35+08:00 ] NOTIC: [8] Undefined index: authId PublicAction.class.php 第 43 行.
[ 2011-07-23T23:17:36+08:00 ] SQL:  RunTime:0.516697s SQL = SHOW COLUMNS FROM mmm_node
[ 2011-07-23T23:17:36+08:00 ] SQL:  RunTime:0.000980s SQL = SELECT `id` FROM `mmm_node` LIMIT 1 
[ 2011-07-23T23:17:36+08:00 ] SQL:  RunTime:0.050233s SQL = SELECT id,name,group_id,title FROM `mmm_node` WHERE ( `level` = 2 ) AND ( `status` = 1 ) AND ( `pid` = '1' ) ORDER BY sort asc
[ 2011-07-23T23:17:36+08:00 ] NOTIC: [8] Undefined index: _ACCESS_LIST PublicAction.class.php 第 55 行.
[ 2011-07-23T23:17:36+08:00 ] NOTIC: [8] Undefined index: administrator PublicAction.class.php 第 57 行.
[ 2011-07-23T23:17:36+08:00 ] NOTIC: [8] Undefined index: administrator PublicAction.class.php 第 57 行.
[ 2011-07-23T23:17:36+08:00 ] NOTIC: [8] Undefined index: administrator PublicAction.class.php 第 57 行.
[ 2011-07-23T23:17:36+08:00 ] NOTIC: [8] Undefined index: administrator PublicAction.class.php 第 57 行.
[ 2011-07-23T23:17:36+08:00 ] NOTIC: [8] Undefined index: administrator PublicAction.class.php 第 57 行.
[ 2011-07-23T23:17:36+08:00 ] NOTIC: [8] Undefined index: administrator PublicAction.class.php 第 57 行.
[ 2011-07-23T23:17:36+08:00 ] NOTIC: [8] Undefined index: authId PublicAction.class.php 第 64 行.
[ 2011-07-23T23:17:36+08:00 ] NOTIC: [2] Cannot modify header information - headers already sent by (output started at C:\lin\21mmm_tp\Admin\Conf\config.php:1) View.class.php 第 172 行.
[ 2011-07-23T23:17:36+08:00 ] NOTIC: [2] Cannot modify header information - headers already sent by (output started at C:\lin\21mmm_tp\Admin\Conf\config.php:1) View.class.php 第 173 行.
[ 2011-07-23T23:27:12+08:00 ] NOTIC: [2] session_start() [<a href='function.session-start'>function.session-start</a>]: open(\xampp\tmp\sess_istpqhteg9ikgi9iloih1hbu36, O_RDWR) failed: No such file or directory (2) App.class.php 第 66 行.
[ 2011-07-23T23:27:12+08:00 ] NOTIC: [2] session_start() [<a href='function.session-start'>function.session-start</a>]: Cannot send session cache limiter - headers already sent (output started at C:\lin\21mmm_tp\Admin\Conf\config.php:1) App.class.php 第 66 行.
[ 2011-07-23T23:27:12+08:00 ] NOTIC: [8] Undefined index: authId PublicAction.class.php 第 43 行.
[ 2011-07-23T23:27:12+08:00 ] SQL:  RunTime:0.254693s SQL = SHOW COLUMNS FROM mmm_node
[ 2011-07-23T23:27:12+08:00 ] SQL:  RunTime:0.000833s SQL = SELECT `id` FROM `mmm_node` LIMIT 1 
[ 2011-07-23T23:27:12+08:00 ] SQL:  RunTime:0.000391s SQL = SELECT id,name,group_id,title FROM `mmm_node` WHERE ( `level` = 2 ) AND ( `status` = 1 ) AND ( `pid` = '1' ) ORDER BY sort asc
[ 2011-07-23T23:27:12+08:00 ] NOTIC: [8] Undefined index: _ACCESS_LIST PublicAction.class.php 第 55 行.
[ 2011-07-23T23:27:12+08:00 ] NOTIC: [8] Undefined index: administrator PublicAction.class.php 第 57 行.
[ 2011-07-23T23:27:12+08:00 ] NOTIC: [8] Undefined index: administrator PublicAction.class.php 第 57 行.
[ 2011-07-23T23:27:12+08:00 ] NOTIC: [8] Undefined index: administrator PublicAction.class.php 第 57 行.
[ 2011-07-23T23:27:12+08:00 ] NOTIC: [8] Undefined index: administrator PublicAction.class.php 第 57 行.
[ 2011-07-23T23:27:12+08:00 ] NOTIC: [8] Undefined index: administrator PublicAction.class.php 第 57 行.
[ 2011-07-23T23:27:12+08:00 ] NOTIC: [8] Undefined index: administrator PublicAction.class.php 第 57 行.
[ 2011-07-23T23:27:12+08:00 ] NOTIC: [8] Undefined index: authId PublicAction.class.php 第 64 行.
[ 2011-07-23T23:27:12+08:00 ] NOTIC: [2] Cannot modify header information - headers already sent by (output started at C:\lin\21mmm_tp\Admin\Conf\config.php:1) View.class.php 第 172 行.
[ 2011-07-23T23:27:12+08:00 ] NOTIC: [2] Cannot modify header information - headers already sent by (output started at C:\lin\21mmm_tp\Admin\Conf\config.php:1) View.class.php 第 173 行.
