[ 2011-04-02T15:00:05+08:00 ] SQL:  RunTime:0.003696s SQL = SHOW COLUMNS FROM mmm_index
[ 2011-04-02T15:00:05+08:00 ] NOTIC: [2048] Declaration of ResumeModel::delete() should be compatible with that of Model::delete() ResumeModel.class.php 第 3 行.
[ 2011-04-02T15:00:05+08:00 ] SQL:  RunTime:0.007079s SQL = SHOW COLUMNS FROM u_person
[ 2011-04-02T15:00:05+08:00 ] SQL:  RunTime:0.056047s SQL = SHOW COLUMNS FROM n_job
[ 2011-04-02T15:00:05+08:00 ] SQL:  RunTime:0.045312s SQL = SHOW COLUMNS FROM u_unit
[ 2011-04-02T15:00:05+08:00 ] SQL:  RunTime:0.052571s SQL = SHOW COLUMNS FROM adlink
[ 2011-04-02T15:00:05+08:00 ] SQL:  RunTime:0.026231s SQL = SHOW COLUMNS FROM dbo_province
[ 2011-04-02T15:00:05+08:00 ] NOTIC: [8] Undefined variable: code IndexAction.class.php 第 17 行.
[ 2011-04-02T15:00:05+08:00 ] SQL:  RunTime:0.014069s SQL = SELECT `code` FROM `dbo_province` WHERE ( `title` LIKE '%上海%' ) LIMIT 1 
[ 2011-04-02T15:00:05+08:00 ] SQL:  RunTime:0.487386s SQL = SELECT * FROM `u_person` WHERE ( (`local` LIKE '%上海%') OR (`local` LIKE '全国') OR (`local` = '') ) AND ( `status` = 1 ) ORDER BY ctime desc LIMIT 10 
[ 2011-04-02T15:00:06+08:00 ] SQL:  RunTime:0.566663s SQL = SELECT * FROM `u_person` WHERE ( (`local` LIKE '%上海%') OR (`local` LIKE '全国') OR (`local` = '') ) AND ( `status` = 1 ) AND ( `up` = 1 ) ORDER BY ctime desc LIMIT 10 
[ 2011-04-02T15:00:06+08:00 ] NOTIC: [8] Undefined variable: table CommonModel.class.php 第 140 行.
[ 2011-04-02T15:00:06+08:00 ] NOTIC: [8] Undefined variable: field CommonModel.class.php 第 148 行.
[ 2011-04-02T15:00:06+08:00 ] NOTIC: [8] Undefined variable: order CommonModel.class.php 第 149 行.
[ 2011-04-02T15:00:06+08:00 ] NOTIC: [8] Undefined variable: sort CommonModel.class.php 第 150 行.
[ 2011-04-02T15:00:08+08:00 ] SQL:  RunTime:1.959597s SQL = SELECT * FROM `u_person` LEFT JOIN img_base on img_base.tid=u_person.pid  WHERE ( `status` = '1' ) AND ( `setdefault` = '1' ) AND ( (`local` LIKE '%上海%') OR (`local` LIKE '全国') OR (`local` = '') ) AND ( `type` = 'job' ) AND ( `utype` = 'person_face' ) AND ( `thumb` != '' ) ORDER BY u_person.ctime desc LIMIT 6 
[ 2011-04-02T15:00:10+08:00 ] SQL:  RunTime:2.123610s SQL = SELECT * FROM `u_person` WHERE ( (`local` LIKE '%上海%') OR (`local` LIKE '全国') OR (`local` = '') ) AND ( `em_type` IN ('实习','三者均可') ) ORDER BY ctime desc LIMIT 10 
[ 2011-04-02T15:00:10+08:00 ] SQL:  RunTime:0.000222s SQL = SELECT COUNT(pid) AS tp_count FROM `u_person` LIMIT 1 
[ 2011-04-02T15:00:10+08:00 ] NOTIC: [8] Undefined variable: order CommonModel.class.php 第 149 行.
[ 2011-04-02T15:00:10+08:00 ] NOTIC: [8] Undefined variable: sort CommonModel.class.php 第 150 行.
[ 2011-04-02T15:00:10+08:00 ] SQL:  RunTime:0.186882s SQL = SELECT *, j.title as jtitle,c.title as ctitle FROM n_job as j LEFT JOIN u_unit as c on c.uid=j.uid WHERE ( (`workplace` LIKE '%上海%') OR (`workplace` LIKE '全国') OR (`workplace` = '') ) ORDER BY j.ctime desc LIMIT 10 
[ 2011-04-02T15:00:10+08:00 ] NOTIC: [8] Undefined variable: order CommonModel.class.php 第 149 行.
[ 2011-04-02T15:00:10+08:00 ] NOTIC: [8] Undefined variable: sort CommonModel.class.php 第 150 行.
[ 2011-04-02T15:00:10+08:00 ] SQL:  RunTime:0.214383s SQL = SELECT *, j.title as jtitle,c.title as ctitle FROM n_job as j LEFT JOIN u_unit as c on c.uid=j.uid WHERE ( (`workplace` LIKE '%上海%') OR (`workplace` LIKE '全国') OR (`workplace` = '') ) AND ( c.up = 1 ) ORDER BY j.ctime desc LIMIT 10 
[ 2011-04-02T15:00:10+08:00 ] NOTIC: [8] Undefined variable: order CommonModel.class.php 第 149 行.
[ 2011-04-02T15:00:10+08:00 ] NOTIC: [8] Undefined variable: sort CommonModel.class.php 第 150 行.
[ 2011-04-02T15:00:13+08:00 ] SQL:  RunTime:2.550798s SQL = SELECT *, j.title as jtitle,c.title as ctitle FROM n_job as j LEFT JOIN u_unit as c on c.uid=j.uid WHERE ( (`workplace` LIKE '%上海%') OR (`workplace` LIKE '全国') OR (`workplace` = '') ) AND ( `emtype` IN ('实习','三者均可') ) ORDER BY j.ctime desc LIMIT 10 
[ 2011-04-02T15:00:13+08:00 ] SQL:  RunTime:0.000316s SQL = SELECT COUNT(nid) AS tp_count FROM `u_unit` LIMIT 1 
[ 2011-04-02T15:00:13+08:00 ] SQL:  RunTime:0.000127s SQL = SELECT COUNT(id) AS tp_count FROM `n_job` LIMIT 1 
[ 2011-04-02T15:00:13+08:00 ] SQL:  RunTime:0.016693s SQL = SELECT * FROM `adlink` WHERE ( `pcode` IN ('-1','310000') ) ORDER BY ctime desc LIMIT 20 
[ 2011-04-02T15:00:13+08:00 ] NOTIC: [8] Undefined index: titletext TagLibCx.class.php 第 65 行.
[ 2011-04-02T15:00:13+08:00 ] NOTIC: [8] Undefined index: titileurl TagLibCx.class.php 第 66 行.
[ 2011-04-02T15:00:13+08:00 ] NOTIC: [8] Undefined index: titletext TagLibCx.class.php 第 65 行.
[ 2011-04-02T15:00:13+08:00 ] NOTIC: [8] Undefined index: titileurl TagLibCx.class.php 第 66 行.
[ 2011-04-02T15:00:13+08:00 ] NOTIC: [8] Undefined index: titletext TagLibCx.class.php 第 65 行.
[ 2011-04-02T15:00:13+08:00 ] NOTIC: [8] Undefined index: titileurl TagLibCx.class.php 第 66 行.
[ 2011-04-02T15:00:13+08:00 ] NOTIC: [8] Undefined variable: keywords 9531917b8e28722a58e571262e7b0bff.php 第 5 行.
[ 2011-04-02T15:00:13+08:00 ] NOTIC: [8] Undefined variable: description 9531917b8e28722a58e571262e7b0bff.php 第 6 行.
[ 2011-04-02T15:00:13+08:00 ] NOTIC: [8] Undefined variable: pageTitle 9531917b8e28722a58e571262e7b0bff.php 第 7 行.
[ 2011-04-02T15:00:13+08:00 ] NOTIC: [8] Undefined variable: a_name 9531917b8e28722a58e571262e7b0bff.php 第 112 行.
[ 2011-04-02T15:00:13+08:00 ] NOTIC: [8] Undefined variable: a_name 9531917b8e28722a58e571262e7b0bff.php 第 113 行.
[ 2011-04-02T15:00:13+08:00 ] NOTIC: [8] Undefined variable: a_name 9531917b8e28722a58e571262e7b0bff.php 第 114 行.
[ 2011-04-02T15:00:13+08:00 ] NOTIC: [8] Undefined variable: a_name 9531917b8e28722a58e571262e7b0bff.php 第 115 行.
[ 2011-04-02T15:00:13+08:00 ] NOTIC: [8] Undefined variable: worklife_slt 9531917b8e28722a58e571262e7b0bff.php 第 250 行.
[ 2011-04-02T15:00:13+08:00 ] NOTIC: [8] Undefined index: local2 9531917b8e28722a58e571262e7b0bff.php 第 283 行.
[ 2011-04-02T15:00:13+08:00 ] SQL:  RunTime:0.003949s SQL = SHOW COLUMNS FROM mmm_enum
[ 2011-04-02T15:00:13+08:00 ] SQL:  RunTime:0.000775s SQL = SELECT * FROM `mmm_enum` WHERE egroup = 'job_category'
[ 2011-04-02T15:00:13+08:00 ] NOTIC: [8] Undefined variable: choldValue EnumModel.class.php 第 299 行.
[ 2011-04-02T15:00:13+08:00 ] NOTIC: [8] Undefined index: local2 9531917b8e28722a58e571262e7b0bff.php 第 283 行.
[ 2011-04-02T15:00:13+08:00 ] SQL:  RunTime:0.000529s SQL = SELECT * FROM `mmm_enum` WHERE egroup = 'job_category'
[ 2011-04-02T15:00:13+08:00 ] NOTIC: [8] Undefined variable: choldValue EnumModel.class.php 第 299 行.
[ 2011-04-02T15:00:13+08:00 ] SQL:  RunTime:0.000499s SQL = SELECT * FROM `mmm_enum` WHERE egroup = 'job_category'
[ 2011-04-02T15:00:13+08:00 ] NOTIC: [8] Undefined variable: choldValue EnumModel.class.php 第 299 行.
[ 2011-04-02T15:00:13+08:00 ] NOTIC: [8] Undefined index: local2 9531917b8e28722a58e571262e7b0bff.php 第 283 行.
[ 2011-04-02T15:00:13+08:00 ] SQL:  RunTime:0.000630s SQL = SELECT * FROM `mmm_enum` WHERE egroup = 'job_category'
[ 2011-04-02T15:00:13+08:00 ] NOTIC: [8] Undefined variable: choldValue EnumModel.class.php 第 299 行.
[ 2011-04-02T15:00:13+08:00 ] SQL:  RunTime:0.000498s SQL = SELECT * FROM `mmm_enum` WHERE egroup = 'job_category'
[ 2011-04-02T15:00:13+08:00 ] NOTIC: [8] Undefined variable: choldValue EnumModel.class.php 第 299 行.
[ 2011-04-02T15:00:13+08:00 ] NOTIC: [8] Undefined index: local2 9531917b8e28722a58e571262e7b0bff.php 第 283 行.
[ 2011-04-02T15:00:13+08:00 ] SQL:  RunTime:0.000490s SQL = SELECT * FROM `mmm_enum` WHERE egroup = 'job_category'
[ 2011-04-02T15:00:13+08:00 ] NOTIC: [8] Undefined variable: choldValue EnumModel.class.php 第 299 行.
[ 2011-04-02T15:00:13+08:00 ] SQL:  RunTime:0.000491s SQL = SELECT * FROM `mmm_enum` WHERE egroup = 'job_category'
[ 2011-04-02T15:00:13+08:00 ] NOTIC: [8] Undefined variable: choldValue EnumModel.class.php 第 299 行.
[ 2011-04-02T15:00:13+08:00 ] SQL:  RunTime:0.000507s SQL = SELECT * FROM `mmm_enum` WHERE egroup = 'job_category'
[ 2011-04-02T15:00:13+08:00 ] NOTIC: [8] Undefined variable: choldValue EnumModel.class.php 第 299 行.
[ 2011-04-02T15:00:13+08:00 ] SQL:  RunTime:0.000499s SQL = SELECT * FROM `mmm_enum` WHERE egroup = 'job_category'
[ 2011-04-02T15:00:13+08:00 ] NOTIC: [8] Undefined variable: choldValue EnumModel.class.php 第 299 行.
[ 2011-04-02T15:00:13+08:00 ] NOTIC: [8] Undefined index: local2 9531917b8e28722a58e571262e7b0bff.php 第 283 行.
[ 2011-04-02T15:00:13+08:00 ] SQL:  RunTime:0.000521s SQL = SELECT * FROM `mmm_enum` WHERE egroup = 'job_category'
[ 2011-04-02T15:00:13+08:00 ] NOTIC: [8] Undefined variable: choldValue EnumModel.class.php 第 299 行.
[ 2011-04-02T15:00:13+08:00 ] NOTIC: [8] Undefined index: local2 9531917b8e28722a58e571262e7b0bff.php 第 283 行.
[ 2011-04-02T15:00:13+08:00 ] SQL:  RunTime:0.000500s SQL = SELECT * FROM `mmm_enum` WHERE egroup = 'job_category'
[ 2011-04-02T15:00:13+08:00 ] NOTIC: [8] Undefined variable: choldValue EnumModel.class.php 第 299 行.
[ 2011-04-02T15:00:13+08:00 ] SQL:  RunTime:0.000494s SQL = SELECT * FROM `mmm_enum` WHERE egroup = 'job_category'
[ 2011-04-02T15:00:13+08:00 ] NOTIC: [8] Undefined variable: choldValue EnumModel.class.php 第 299 行.
[ 2011-04-02T15:00:13+08:00 ] SQL:  RunTime:0.000530s SQL = SELECT * FROM `mmm_enum` WHERE egroup = 'job_category'
[ 2011-04-02T15:00:13+08:00 ] NOTIC: [8] Undefined variable: choldValue EnumModel.class.php 第 299 行.
[ 2011-04-02T15:00:13+08:00 ] NOTIC: [8] Undefined index: local2 9531917b8e28722a58e571262e7b0bff.php 第 283 行.
[ 2011-04-02T15:00:13+08:00 ] SQL:  RunTime:0.000497s SQL = SELECT * FROM `mmm_enum` WHERE egroup = 'job_category'
[ 2011-04-02T15:00:13+08:00 ] NOTIC: [8] Undefined variable: choldValue EnumModel.class.php 第 299 行.
[ 2011-04-02T15:00:13+08:00 ] NOTIC: [8] Undefined index: local2 9531917b8e28722a58e571262e7b0bff.php 第 283 行.
[ 2011-04-02T15:00:13+08:00 ] SQL:  RunTime:0.000492s SQL = SELECT * FROM `mmm_enum` WHERE egroup = 'job_category'
[ 2011-04-02T15:00:13+08:00 ] NOTIC: [8] Undefined variable: choldValue EnumModel.class.php 第 299 行.
[ 2011-04-02T15:00:13+08:00 ] SQL:  RunTime:0.000493s SQL = SELECT * FROM `mmm_enum` WHERE egroup = 'job_category'
[ 2011-04-02T15:00:13+08:00 ] NOTIC: [8] Undefined variable: choldValue EnumModel.class.php 第 299 行.
[ 2011-04-02T15:00:13+08:00 ] SQL:  RunTime:0.000486s SQL = SELECT * FROM `mmm_enum` WHERE egroup = 'job_category'
[ 2011-04-02T15:00:13+08:00 ] NOTIC: [8] Undefined variable: choldValue EnumModel.class.php 第 299 行.
[ 2011-04-02T15:00:13+08:00 ] SQL:  RunTime:0.000631s SQL = SELECT * FROM `mmm_enum` WHERE egroup = 'job_category'
[ 2011-04-02T15:00:13+08:00 ] NOTIC: [8] Undefined variable: choldValue EnumModel.class.php 第 299 行.
[ 2011-04-02T15:00:13+08:00 ] SQL:  RunTime:0.000488s SQL = SELECT * FROM `mmm_enum` WHERE egroup = 'job_category'
[ 2011-04-02T15:00:13+08:00 ] NOTIC: [8] Undefined variable: choldValue EnumModel.class.php 第 299 行.
[ 2011-04-02T15:00:13+08:00 ] NOTIC: [8] Undefined index: local2 9531917b8e28722a58e571262e7b0bff.php 第 283 行.
[ 2011-04-02T15:00:13+08:00 ] SQL:  RunTime:0.000489s SQL = SELECT * FROM `mmm_enum` WHERE egroup = 'job_category'
[ 2011-04-02T15:00:13+08:00 ] NOTIC: [8] Undefined variable: choldValue EnumModel.class.php 第 299 行.
[ 2011-04-02T15:00:13+08:00 ] SQL:  RunTime:0.000556s SQL = SELECT * FROM `mmm_enum` WHERE egroup = 'job_category'
[ 2011-04-02T15:00:13+08:00 ] NOTIC: [8] Undefined variable: choldValue EnumModel.class.php 第 299 行.
[ 2011-04-02T15:00:13+08:00 ] NOTIC: [8] Undefined index: local2 9531917b8e28722a58e571262e7b0bff.php 第 283 行.
[ 2011-04-02T15:00:13+08:00 ] SQL:  RunTime:0.000497s SQL = SELECT * FROM `mmm_enum` WHERE egroup = 'job_category'
[ 2011-04-02T15:00:13+08:00 ] NOTIC: [8] Undefined variable: choldValue EnumModel.class.php 第 299 行.
[ 2011-04-02T15:00:13+08:00 ] SQL:  RunTime:0.000489s SQL = SELECT * FROM `mmm_enum` WHERE egroup = 'job_category'
[ 2011-04-02T15:00:13+08:00 ] NOTIC: [8] Undefined variable: choldValue EnumModel.class.php 第 299 行.
[ 2011-04-02T15:00:13+08:00 ] SQL:  RunTime:0.000523s SQL = SELECT * FROM `mmm_enum` WHERE egroup = 'job_category'
[ 2011-04-02T15:00:13+08:00 ] NOTIC: [8] Undefined variable: choldValue EnumModel.class.php 第 299 行.
[ 2011-04-02T15:00:13+08:00 ] SQL:  RunTime:0.000603s SQL = SELECT * FROM `mmm_enum` WHERE egroup = 'job_category'
[ 2011-04-02T15:00:13+08:00 ] NOTIC: [8] Undefined variable: choldValue EnumModel.class.php 第 299 行.
[ 2011-04-02T15:00:13+08:00 ] SQL:  RunTime:0.000490s SQL = SELECT * FROM `mmm_enum` WHERE egroup = 'job_category'
[ 2011-04-02T15:00:13+08:00 ] NOTIC: [8] Undefined variable: choldValue EnumModel.class.php 第 299 行.
[ 2011-04-02T15:00:13+08:00 ] NOTIC: [8] Undefined index: local2 9531917b8e28722a58e571262e7b0bff.php 第 303 行.
[ 2011-04-02T15:00:13+08:00 ] SQL:  RunTime:0.000513s SQL = SELECT * FROM `mmm_enum` WHERE egroup = 'job_category'
[ 2011-04-02T15:00:13+08:00 ] NOTIC: [8] Undefined variable: choldValue EnumModel.class.php 第 299 行.
[ 2011-04-02T15:00:13+08:00 ] NOTIC: [8] Undefined index: local2 9531917b8e28722a58e571262e7b0bff.php 第 303 行.
[ 2011-04-02T15:00:13+08:00 ] SQL:  RunTime:0.000509s SQL = SELECT * FROM `mmm_enum` WHERE egroup = 'job_category'
[ 2011-04-02T15:00:13+08:00 ] NOTIC: [8] Undefined variable: choldValue EnumModel.class.php 第 299 行.
[ 2011-04-02T15:00:13+08:00 ] SQL:  RunTime:0.000489s SQL = SELECT * FROM `mmm_enum` WHERE egroup = 'job_category'
[ 2011-04-02T15:00:13+08:00 ] NOTIC: [8] Undefined variable: choldValue EnumModel.class.php 第 299 行.
[ 2011-04-02T15:00:13+08:00 ] NOTIC: [8] Undefined index: local2 9531917b8e28722a58e571262e7b0bff.php 第 303 行.
[ 2011-04-02T15:00:13+08:00 ] SQL:  RunTime:0.000488s SQL = SELECT * FROM `mmm_enum` WHERE egroup = 'job_category'
[ 2011-04-02T15:00:13+08:00 ] NOTIC: [8] Undefined variable: choldValue EnumModel.class.php 第 299 行.
[ 2011-04-02T15:00:13+08:00 ] NOTIC: [8] Undefined index: local2 9531917b8e28722a58e571262e7b0bff.php 第 303 行.
[ 2011-04-02T15:00:13+08:00 ] SQL:  RunTime:0.000488s SQL = SELECT * FROM `mmm_enum` WHERE egroup = 'job_category'
[ 2011-04-02T15:00:13+08:00 ] NOTIC: [8] Undefined variable: choldValue EnumModel.class.php 第 299 行.
[ 2011-04-02T15:00:13+08:00 ] NOTIC: [8] Undefined index: local2 9531917b8e28722a58e571262e7b0bff.php 第 303 行.
[ 2011-04-02T15:00:13+08:00 ] SQL:  RunTime:0.000498s SQL = SELECT * FROM `mmm_enum` WHERE egroup = 'job_category'
[ 2011-04-02T15:00:13+08:00 ] NOTIC: [8] Undefined variable: choldValue EnumModel.class.php 第 299 行.
[ 2011-04-02T15:00:13+08:00 ] SQL:  RunTime:0.000507s SQL = SELECT * FROM `mmm_enum` WHERE egroup = 'job_category'
[ 2011-04-02T15:00:13+08:00 ] NOTIC: [8] Undefined variable: choldValue EnumModel.class.php 第 299 行.
[ 2011-04-02T15:00:13+08:00 ] SQL:  RunTime:0.000493s SQL = SELECT * FROM `mmm_enum` WHERE egroup = 'job_category'
[ 2011-04-02T15:00:13+08:00 ] NOTIC: [8] Undefined variable: choldValue EnumModel.class.php 第 299 行.
[ 2011-04-02T15:00:13+08:00 ] SQL:  RunTime:0.000486s SQL = SELECT * FROM `mmm_enum` WHERE egroup = 'job_category'
[ 2011-04-02T15:00:13+08:00 ] NOTIC: [8] Undefined variable: choldValue EnumModel.class.php 第 299 行.
[ 2011-04-02T15:00:13+08:00 ] SQL:  RunTime:0.000490s SQL = SELECT * FROM `mmm_enum` WHERE egroup = 'job_category'
[ 2011-04-02T15:00:13+08:00 ] NOTIC: [8] Undefined variable: choldValue EnumModel.class.php 第 299 行.
[ 2011-04-02T15:00:13+08:00 ] NOTIC: [8] Undefined index: local2 9531917b8e28722a58e571262e7b0bff.php 第 303 行.
[ 2011-04-02T15:00:13+08:00 ] SQL:  RunTime:0.000489s SQL = SELECT * FROM `mmm_enum` WHERE egroup = 'job_category'
[ 2011-04-02T15:00:13+08:00 ] NOTIC: [8] Undefined variable: choldValue EnumModel.class.php 第 299 行.
[ 2011-04-02T15:00:13+08:00 ] NOTIC: [8] Undefined index: local2 9531917b8e28722a58e571262e7b0bff.php 第 303 行.
[ 2011-04-02T15:00:13+08:00 ] SQL:  RunTime:0.000487s SQL = SELECT * FROM `mmm_enum` WHERE egroup = 'job_category'
[ 2011-04-02T15:00:13+08:00 ] NOTIC: [8] Undefined variable: choldValue EnumModel.class.php 第 299 行.
[ 2011-04-02T15:00:13+08:00 ] SQL:  RunTime:0.000635s SQL = SELECT * FROM `mmm_enum` WHERE egroup = 'job_category'
[ 2011-04-02T15:00:13+08:00 ] NOTIC: [8] Undefined variable: choldValue EnumModel.class.php 第 299 行.
[ 2011-04-02T15:00:13+08:00 ] SQL:  RunTime:0.000553s SQL = SELECT * FROM `mmm_enum` WHERE egroup = 'job_category'
[ 2011-04-02T15:00:13+08:00 ] NOTIC: [8] Undefined variable: choldValue EnumModel.class.php 第 299 行.
[ 2011-04-02T15:00:13+08:00 ] SQL:  RunTime:0.000544s SQL = SELECT * FROM `mmm_enum` WHERE egroup = 'job_category'
[ 2011-04-02T15:00:13+08:00 ] NOTIC: [8] Undefined variable: choldValue EnumModel.class.php 第 299 行.
[ 2011-04-02T15:00:13+08:00 ] NOTIC: [8] Undefined index: local2 9531917b8e28722a58e571262e7b0bff.php 第 303 行.
[ 2011-04-02T15:00:13+08:00 ] SQL:  RunTime:0.000520s SQL = SELECT * FROM `mmm_enum` WHERE egroup = 'job_category'
[ 2011-04-02T15:00:13+08:00 ] NOTIC: [8] Undefined variable: choldValue EnumModel.class.php 第 299 行.
[ 2011-04-02T15:00:13+08:00 ] SQL:  RunTime:0.000494s SQL = SELECT * FROM `mmm_enum` WHERE egroup = 'job_category'
[ 2011-04-02T15:00:13+08:00 ] NOTIC: [8] Undefined variable: choldValue EnumModel.class.php 第 299 行.
[ 2011-04-02T15:00:13+08:00 ] NOTIC: [8] Undefined index: local2 9531917b8e28722a58e571262e7b0bff.php 第 303 行.
[ 2011-04-02T15:00:13+08:00 ] SQL:  RunTime:0.000491s SQL = SELECT * FROM `mmm_enum` WHERE egroup = 'job_category'
[ 2011-04-02T15:00:13+08:00 ] NOTIC: [8] Undefined variable: choldValue EnumModel.class.php 第 299 行.
[ 2011-04-02T15:00:13+08:00 ] SQL:  RunTime:0.000686s SQL = SELECT * FROM `mmm_enum` WHERE egroup = 'job_category'
[ 2011-04-02T15:00:13+08:00 ] NOTIC: [8] Undefined variable: choldValue EnumModel.class.php 第 299 行.
[ 2011-04-02T15:00:13+08:00 ] NOTIC: [8] Undefined index: local2 9531917b8e28722a58e571262e7b0bff.php 第 303 行.
[ 2011-04-02T15:00:13+08:00 ] SQL:  RunTime:0.000496s SQL = SELECT * FROM `mmm_enum` WHERE egroup = 'job_category'
[ 2011-04-02T15:00:13+08:00 ] NOTIC: [8] Undefined variable: choldValue EnumModel.class.php 第 299 行.
[ 2011-04-02T15:00:13+08:00 ] SQL:  RunTime:0.000494s SQL = SELECT * FROM `mmm_enum` WHERE egroup = 'job_category'
[ 2011-04-02T15:00:13+08:00 ] NOTIC: [8] Undefined variable: choldValue EnumModel.class.php 第 299 行.
[ 2011-04-02T15:00:13+08:00 ] SQL:  RunTime:0.000921s SQL = SELECT * FROM `mmm_enum` WHERE egroup = 'job_category'
[ 2011-04-02T15:00:13+08:00 ] NOTIC: [8] Undefined variable: choldValue EnumModel.class.php 第 299 行.
[ 2011-04-02T15:00:13+08:00 ] SQL:  RunTime:0.000649s SQL = SELECT * FROM `mmm_enum` WHERE egroup = 'job_category'
[ 2011-04-02T15:00:13+08:00 ] NOTIC: [8] Undefined variable: choldValue EnumModel.class.php 第 299 行.
[ 2011-04-02T15:00:13+08:00 ] SQL:  RunTime:0.000529s SQL = SELECT * FROM `mmm_enum` WHERE egroup = 'job_category'
[ 2011-04-02T15:00:13+08:00 ] NOTIC: [8] Undefined variable: choldValue EnumModel.class.php 第 299 行.
[ 2011-04-02T15:00:13+08:00 ] SQL:  RunTime:0.000492s SQL = SELECT * FROM `mmm_enum` WHERE egroup = 'job_category'
[ 2011-04-02T15:00:13+08:00 ] NOTIC: [8] Undefined variable: choldValue EnumModel.class.php 第 299 行.
[ 2011-04-02T15:00:13+08:00 ] NOTIC: [8] Undefined variable: provice 9531917b8e28722a58e571262e7b0bff.php 第 308 行.
[ 2011-04-02T15:00:13+08:00 ] SQL:  RunTime:0.000509s SQL = SELECT * FROM `mmm_enum` WHERE egroup = 'job_category'
[ 2011-04-02T15:00:13+08:00 ] NOTIC: [8] Undefined variable: choldValue EnumModel.class.php 第 299 行.
[ 2011-04-02T15:00:13+08:00 ] SQL:  RunTime:0.000497s SQL = SELECT * FROM `mmm_enum` WHERE egroup = 'job_category'
[ 2011-04-02T15:00:13+08:00 ] NOTIC: [8] Undefined variable: choldValue EnumModel.class.php 第 299 行.
[ 2011-04-02T15:00:13+08:00 ] SQL:  RunTime:0.000495s SQL = SELECT * FROM `mmm_enum` WHERE egroup = 'job_category'
[ 2011-04-02T15:00:13+08:00 ] NOTIC: [8] Undefined variable: choldValue EnumModel.class.php 第 299 行.
[ 2011-04-02T15:00:13+08:00 ] SQL:  RunTime:0.000504s SQL = SELECT * FROM `mmm_enum` WHERE egroup = 'job_category'
[ 2011-04-02T15:00:13+08:00 ] NOTIC: [8] Undefined variable: choldValue EnumModel.class.php 第 299 行.
[ 2011-04-02T15:00:13+08:00 ] SQL:  RunTime:0.000497s SQL = SELECT * FROM `mmm_enum` WHERE egroup = 'job_category'
[ 2011-04-02T15:00:13+08:00 ] NOTIC: [8] Undefined variable: choldValue EnumModel.class.php 第 299 行.
[ 2011-04-02T15:00:13+08:00 ] SQL:  RunTime:0.000491s SQL = SELECT * FROM `mmm_enum` WHERE egroup = 'job_category'
[ 2011-04-02T15:00:13+08:00 ] NOTIC: [8] Undefined variable: choldValue EnumModel.class.php 第 299 行.
[ 2011-04-02T15:00:13+08:00 ] SQL:  RunTime:0.000492s SQL = SELECT * FROM `mmm_enum` WHERE egroup = 'job_category'
[ 2011-04-02T15:00:13+08:00 ] NOTIC: [8] Undefined variable: choldValue EnumModel.class.php 第 299 行.
[ 2011-04-02T15:00:13+08:00 ] SQL:  RunTime:0.000501s SQL = SELECT * FROM `mmm_enum` WHERE egroup = 'job_category'
[ 2011-04-02T15:00:13+08:00 ] NOTIC: [8] Undefined variable: choldValue EnumModel.class.php 第 299 行.
[ 2011-04-02T15:00:13+08:00 ] SQL:  RunTime:0.000502s SQL = SELECT * FROM `mmm_enum` WHERE egroup = 'job_category'
[ 2011-04-02T15:00:13+08:00 ] NOTIC: [8] Undefined variable: choldValue EnumModel.class.php 第 299 行.
[ 2011-04-02T15:00:13+08:00 ] SQL:  RunTime:0.000499s SQL = SELECT * FROM `mmm_enum` WHERE egroup = 'job_category'
[ 2011-04-02T15:00:13+08:00 ] NOTIC: [8] Undefined variable: choldValue EnumModel.class.php 第 299 行.
[ 2011-04-02T15:00:13+08:00 ] SQL:  RunTime:0.000554s SQL = SELECT * FROM `mmm_enum` WHERE egroup = 'job_category'
[ 2011-04-02T15:00:13+08:00 ] NOTIC: [8] Undefined variable: choldValue EnumModel.class.php 第 299 行.
[ 2011-04-02T15:00:13+08:00 ] SQL:  RunTime:0.000501s SQL = SELECT * FROM `mmm_enum` WHERE egroup = 'job_category'
[ 2011-04-02T15:00:13+08:00 ] NOTIC: [8] Undefined variable: choldValue EnumModel.class.php 第 299 行.
[ 2011-04-02T15:00:13+08:00 ] SQL:  RunTime:0.000490s SQL = SELECT * FROM `mmm_enum` WHERE egroup = 'job_category'
[ 2011-04-02T15:00:13+08:00 ] NOTIC: [8] Undefined variable: choldValue EnumModel.class.php 第 299 行.
[ 2011-04-02T15:00:13+08:00 ] SQL:  RunTime:0.000492s SQL = SELECT * FROM `mmm_enum` WHERE egroup = 'job_category'
[ 2011-04-02T15:00:13+08:00 ] NOTIC: [8] Undefined variable: choldValue EnumModel.class.php 第 299 行.
[ 2011-04-02T15:00:13+08:00 ] SQL:  RunTime:0.000621s SQL = SELECT * FROM `mmm_enum` WHERE egroup = 'job_category'
[ 2011-04-02T15:00:13+08:00 ] NOTIC: [8] Undefined variable: choldValue EnumModel.class.php 第 299 行.
[ 2011-04-02T15:00:13+08:00 ] NOTIC: [8] Undefined index: local2 9531917b8e28722a58e571262e7b0bff.php 第 387 行.
[ 2011-04-02T15:00:13+08:00 ] SQL:  RunTime:0.000551s SQL = SELECT * FROM `mmm_enum` WHERE egroup = 'job_category'
[ 2011-04-02T15:00:13+08:00 ] NOTIC: [8] Undefined variable: choldValue EnumModel.class.php 第 299 行.
[ 2011-04-02T15:00:13+08:00 ] NOTIC: [8] Undefined variable: provice 9531917b8e28722a58e571262e7b0bff.php 第 392 行.
[ 2011-04-02T15:00:13+08:00 ] NOTIC: [8] Undefined variable: infouid 9531917b8e28722a58e571262e7b0bff.php 第 436 行.
[ 2011-04-02T15:00:16+08:00 ] SQL:  RunTime:0.004421s SQL = SHOW COLUMNS FROM u_user
[ 2011-04-02T15:00:16+08:00 ] NOTIC: [8] Undefined index: CnMQkauthId Cookie.class.php 第 33 行.
